----------------------------------------------------------------------
		bzip2.L2-4way		Simulation Results          
----------------------------------------------------------------------

Memory System:
    Dcache Size = 4096 : ways = 2 : block size = 32
    Icache Size = 4096 : ways = 2 : block size = 32
    L2-cache Size = 8192 : ways = 4 : block size = 64
    Memory ready time = 30 : chunksize = 8 : chunktime = 15

Execute Time = 50663293201; Total References = 10000000073
Flush Time = 413066249
Inst refs = 7565217787; Data refs = 2434782286

Number of references types: [Percentage]
    Reads  =     1882275327    [18.8%]
    Writes =     552506959    [5.5%]
    Inst.  =     7565217787    [75.7%]
    Total  =     10000000073

Total cycles for activities: [Percentage]
    Reads  =     19733728397    [39.0%]
    Writes =     18357491690    [36.2%]
    Inst.  =     12572073114    [24.8%]
    Total  =     50663293201

Average cycles for activites:
  Read =  10.5; Write =  33.2; Inst. =  6.7
Ideal: Exec. Time = 17565217860; CPI =  2.3
Ideal mis-aligned: Exec. Time = 22199500705; CPI = 2.9

Memory Level: L1i
    Hit Count = 12095527121  Miss Count = 555401
    Total Requests = 12096082522
    Hit Rate = 100.0%   Miss Rate = 0.0%
    Kickouts = 2674; Dirty Kickouts = 0; Transfers = 555401
    Flush Kickouts  =  0

Memory Level: L1d
    Hit Count = 2378127911  Miss Count = 160072485
    Total Requests = 2538200396
    Hit Rate = 93.7%   Miss Rate = 6.3%
    Kickouts = 154979866; Dirty Kickouts = 62473522; Transfers = 161310502
    Flush Kickouts  =  1238017

Memory Level: L2
    Hit Count = 84023199  Miss Count = 140316226
    Total Requests = 224339425
    Hit Rate = 37.5%   Miss Rate = 62.5%
    Kickouts = 130437115; Dirty Kickouts = 54399060; Transfers = 142607674
    Flush Kickouts  =  2291448

L1 cache cost (Icache $400) + (Dcache $400) = $800
L2 cache cost = $150;   Memory Cost = $75   Total Cost = $1025
Flushes = 19908 : Invalidates = 19908

