----------------------------------------------------------------------
		bzip2.All-FA-L2Big		Simulation Results          
----------------------------------------------------------------------

Memory System:
    Dcache Size = 32 : ways = 256 : block size = 32
    Icache Size = 32 : ways = 256 : block size = 32
    L2-cache Size = 64 : ways = 1024 : block size = 64
    Memory ready time = 30 : chunksize = 8 : chunktime = 15

Execute Time = 47547173575; Total References = 10000000073
Flush Time = 699815829
Inst refs = 7565217787; Data refs = 2434782286

Number of references types: [Percentage]
    Reads  =     1882275327    [18.8%]
    Writes =     552506959    [5.5%]
    Inst.  =     7565217787    [75.7%]
    Total  =     10000000073

Total cycles for activities: [Percentage]
    Reads  =     17998338985    [37.9%]
    Writes =     16690474845    [35.1%]
    Inst.  =     12858359745    [27.0%]
    Total  =     47547173575

Average cycles for activites:
  Read =  9.6; Write =  30.2; Inst. =  6.3
Ideal: Exec. Time = 17565217860; CPI =  2.3
Ideal mis-aligned: Exec. Time = 22199500705; CPI = 2.9

Memory Level: L1i
    Hit Count = 12095527363  Miss Count = 555159
    Total Requests = 12096082522
    Hit Rate = 100.0%   Miss Rate = 0.0%
    Kickouts = 1619; Dirty Kickouts = 0; Transfers = 555159
    Flush Kickouts  =  0

Memory Level: L1d
    Hit Count = 2380877774  Miss Count = 157322622
    Total Requests = 2538200396
    Hit Rate = 93.8%   Miss Rate = 6.2%
    Kickouts = 152225918; Dirty Kickouts = 61293922; Transfers = 158531019
    Flush Kickouts  =  1208397

Memory Level: L2
    Hit Count = 97071252  Miss Count = 123308848
    Total Requests = 220380100
    Hit Rate = 44.0%   Miss Rate = 56.0%
    Kickouts = 104293878; Dirty Kickouts = 51137948; Transfers = 127525486
    Flush Kickouts  =  4216638

L1 cache cost (Icache $1800) + (Dcache $1800) = $3600
L2 cache cost = $1100;   Memory Cost = $75   Total Cost = $4775
Flushes = 19908 : Invalidates = 19908

