----------------------------------------------------------------------
		bzip2.L1-small		Simulation Results          
----------------------------------------------------------------------

Memory System:
    Dcache Size = 4096 : ways = 1 : block size = 32
    Icache Size = 4096 : ways = 1 : block size = 32
    L2-cache Size = 32768 : ways = 1 : block size = 64
    Memory ready time = 30 : chunksize = 8 : chunktime = 15

Execute Time = 52644387374; Total References = 10000000073
Flush Time = 379842296
Inst refs = 7565217787; Data refs = 2434782286

Number of references types: [Percentage]
    Reads  =     1882275327    [18.8%]
    Writes =     552506959    [5.5%]
    Inst.  =     7565217787    [75.7%]
    Total  =     10000000073

Total cycles for activities: [Percentage]
    Reads  =     21895601747    [41.6%]
    Writes =     18192564325    [34.6%]
    Inst.  =     12556221302    [23.9%]
    Total  =     52644387374

Average cycles for activites:
  Read =  11.6; Write =  32.9; Inst. =  7.0
Ideal: Exec. Time = 17565217860; CPI =  2.3
Ideal mis-aligned: Exec. Time = 22199500705; CPI = 2.9

Memory Level: L1i
    Hit Count = 12094746128  Miss Count = 1336394
    Total Requests = 12096082522
    Hit Rate = 100.0%   Miss Rate = 0.0%
    Kickouts = 795936; Dirty Kickouts = 0; Transfers = 1336394
    Flush Kickouts  =  0

Memory Level: L1d
    Hit Count = 2335018951  Miss Count = 203181445
    Total Requests = 2538200396
    Hit Rate = 92.0%   Miss Rate = 8.0%
    Kickouts = 200633399; Dirty Kickouts = 78562930; Transfers = 203824926
    Flush Kickouts  =  643481

Memory Level: L2
    Hit Count = 139961829  Miss Count = 143762421
    Total Requests = 283724250
    Hit Rate = 49.3%   Miss Rate = 50.7%
    Kickouts = 134131951; Dirty Kickouts = 57422952; Transfers = 145973210
    Flush Kickouts  =  2210789

L1 cache cost (Icache $100) + (Dcache $100) = $200
L2 cache cost = $50;   Memory Cost = $75   Total Cost = $325
Flushes = 19908 : Invalidates = 19908

