----------------------------------------------------------------------
		h264ref.All-FA-L2Big		Simulation Results          
----------------------------------------------------------------------

Memory System:
    Dcache Size = 32 : ways = 256 : block size = 32
    Icache Size = 32 : ways = 256 : block size = 32
    L2-cache Size = 64 : ways = 1024 : block size = 64
    Memory ready time = 30 : chunksize = 8 : chunktime = 15

Execute Time = 22840693845; Total References = 10000000106
Flush Time = 885847232
Inst refs = 6730089151; Data refs = 3269910955

Number of references types: [Percentage]
    Reads  =     2689845793    [26.9%]
    Writes =     580065162    [5.8%]
    Inst.  =     6730089151    [67.3%]
    Total  =     10000000106

Total cycles for activities: [Percentage]
    Reads  =     6977778138    [30.5%]
    Writes =     2107720234    [9.2%]
    Inst.  =     13755195473    [60.2%]
    Total  =     22840693845

Average cycles for activites:
  Read =  2.6; Write =  3.6; Inst. =  3.4
Ideal: Exec. Time = 16730089257; CPI =  2.5
Ideal mis-aligned: Exec. Time = 21962901365; CPI = 3.3

Memory Level: L1i
    Hit Count = 11151277315  Miss Count = 56799573
    Total Requests = 11208076888
    Hit Rate = 99.5%   Miss Rate = 0.5%
    Kickouts = 53642588; Dirty Kickouts = 0; Transfers = 56799573
    Flush Kickouts  =  0

Memory Level: L1d
    Hit Count = 3968992020  Miss Count = 55743306
    Total Requests = 4024735326
    Hit Rate = 98.6%   Miss Rate = 1.4%
    Kickouts = 51209295; Dirty Kickouts = 13315680; Transfers = 57201076
    Flush Kickouts  =  1457770

Memory Level: L2
    Hit Count = 101221098  Miss Count = 26095231
    Total Requests = 127316329
    Hit Rate = 79.5%   Miss Rate = 20.5%
    Kickouts = 11583346; Dirty Kickouts = 2284382; Transfers = 31483913
    Flush Kickouts  =  5388682

L1 cache cost (Icache $1800) + (Dcache $1800) = $3600
L2 cache cost = $1100;   Memory Cost = $75   Total Cost = $4775
Flushes = 17710 : Invalidates = 17710

