----------------------------------------------------------------------
		libquantum.custom-L1-big		Simulation Results          
----------------------------------------------------------------------

Memory System:
    Dcache Size = 16384 : ways = 1 : block size = 32
    Icache Size = 16384 : ways = 1 : block size = 32
    L2-cache Size = 32768 : ways = 1 : block size = 64
    Memory ready time = 30 : chunksize = 8 : chunktime = 15

Execute Time = 106974152978; Total References = 16506492546
Flush Time = 1326394708
Inst refs = 12487578510; Data refs = 4018914036

Number of references types: [Percentage]
    Reads  =     3526260463    [21.4%]
    Writes =     492653573    [3.0%]
    Inst.  =     12487578510    [75.7%]
    Total  =     16506492546

Total cycles for activities: [Percentage]
    Reads  =     87562952135    [81.9%]
    Writes =     1339755614    [1.3%]
    Inst.  =     18071445229    [16.9%]
    Total  =     106974152978

Average cycles for activites:
  Read =  24.8; Write =  2.7; Inst. =  8.6
Ideal: Exec. Time = 28994071056; CPI =  2.3
Ideal mis-aligned: Exec. Time = 35948584560; CPI = 2.9

Memory Level: L1i
    Hit Count = 16620543644  Miss Count = 845409
    Total Requests = 16621389053
    Hit Rate = 100.0%   Miss Rate = 0.0%
    Kickouts = 3465; Dirty Kickouts = 0; Transfers = 845409
    Flush Kickouts  =  0

Memory Level: L1d
    Hit Count = 6257208004  Miss Count = 582408993
    Total Requests = 6839616997
    Hit Rate = 91.5%   Miss Rate = 8.5%
    Kickouts = 565620956; Dirty Kickouts = 232210192; Transfers = 589145332
    Flush Kickouts  =  6736339

Memory Level: L2
    Hit Count = 528650240  Miss Count = 293550693
    Total Requests = 822200933
    Hit Rate = 64.3%   Miss Rate = 35.7%
    Kickouts = 276894007; Dirty Kickouts = 127218640; Transfers = 301169008
    Flush Kickouts  =  7618315

L1 cache cost (Icache $400) + (Dcache $400) = $800
L2 cache cost = $50;   Memory Cost = $75   Total Cost = $925
Flushes = 32862 : Invalidates = 32862

