----------------------------------------------------------------------
		libquantum.custom-L2-Big-All4way		Simulation Results          
----------------------------------------------------------------------

Memory System:
    Dcache Size = 8192 : ways = 4 : block size = 32
    Icache Size = 8192 : ways = 4 : block size = 32
    L2-cache Size = 65536 : ways = 4 : block size = 64
    Memory ready time = 30 : chunksize = 8 : chunktime = 15

Execute Time = 106052900578; Total References = 16506492546
Flush Time = 2486646177
Inst refs = 12487578510; Data refs = 4018914036

Number of references types: [Percentage]
    Reads  =     3526260463    [21.4%]
    Writes =     492653573    [3.0%]
    Inst.  =     12487578510    [75.7%]
    Total  =     16506492546

Total cycles for activities: [Percentage]
    Reads  =     85622225337    [80.7%]
    Writes =     1184292110    [1.1%]
    Inst.  =     19246383131    [18.1%]
    Total  =     106052900578

Average cycles for activites:
  Read =  24.3; Write =  2.4; Inst. =  8.5
Ideal: Exec. Time = 28994071056; CPI =  2.3
Ideal mis-aligned: Exec. Time = 35948584560; CPI = 2.9

Memory Level: L1i
    Hit Count = 16620543782  Miss Count = 845271
    Total Requests = 16621389053
    Hit Rate = 100.0%   Miss Rate = 0.0%
    Kickouts = 2622; Dirty Kickouts = 0; Transfers = 845271
    Flush Kickouts  =  0

Memory Level: L1d
    Hit Count = 6262710581  Miss Count = 576906416
    Total Requests = 6839616997
    Hit Rate = 91.6%   Miss Rate = 8.4%
    Kickouts = 568493488; Dirty Kickouts = 234391405; Transfers = 580255616
    Flush Kickouts  =  3349200

Memory Level: L2
    Hit Count = 526065129  Miss Count = 289427163
    Total Requests = 815492292
    Hit Rate = 64.5%   Miss Rate = 35.5%
    Kickouts = 256472235; Dirty Kickouts = 118822885; Transfers = 304650667
    Flush Kickouts  =  15223504

L1 cache cost (Icache $600) + (Dcache $600) = $1200
L2 cache cost = $300;   Memory Cost = $75   Total Cost = $1575
Flushes = 32862 : Invalidates = 32862

