----------------------------------------------------------------------
        omnetpp.All-FA       Simulation Results          
----------------------------------------------------------------------

Memory System:
    Dcache Size = 8192 : ways = 256 : block size = 32
    Icache Size = 8192 : ways = 256 : block size = 32
    L2-cache Size = 32768 : ways = 512 : block size = 64
    Memory ready time = 30 : chunksize = 8 : chunktime = 15

Execute Time = 59984360426; Total References = 10000000076
Flush Time = 636602282
Inst refs = 6748671723; Data refs = 3251328353

Number of references types: [Percentage]
    Reads  =     2011922989    [20.1%]
    Writes =     1239405364    [12.4%]
    Inst.  =     6748671723    [67.5%]
    Total  =     10000000076

Total cycles for activities: [Percentage]
    Reads  =     27380847345    [45.6%]
    Writes =     6955833533    [11.6%]
    Inst.  =     25647679548    [42.8%]
    Total  =     59984360426

Average cycles for activites:
  Read =  13.6; Write =  5.6; Inst. =  8.9
Ideal: Exec. Time = 16748671799; CPI =  2.5
Ideal mis-aligned: Exec. Time = 24145770580; CPI = 3.6

Memory Level: L1i
    Hit Count = 11255563338  Miss Count = 203921735
    Total Requests = 11459485073
    Hit Rate = 98.2%   Miss Rate = 1.8%
    Kickouts = 199375350; Dirty Kickouts = 0; Transfers = 203921735
    Flush Kickouts  =  0

Memory Level: L1d
    Hit Count = 5758964173  Miss Count = 178649611
    Total Requests = 5937613784
    Hit Rate = 97.0%   Miss Rate = 3.0%
    Kickouts = 174103051; Dirty Kickouts = 71366416; Transfers = 180733918
    Flush Kickouts  =  2084307

Memory Level: L2
    Hit Count = 288309065  Miss Count = 167713004
    Total Requests = 456022069
    Hit Rate = 63.2%   Miss Rate = 36.8%
    Kickouts = 158619884; Dirty Kickouts = 42647003; Transfers = 171042798
    Flush Kickouts  =  3329794

L1 cache cost (Icache $1800) + (Dcache $1800) = $3600
L2 cache cost = $500;   Memory Cost = $75   Total Cost = $4175
Flushes = 17759 : Invalidates = 17759

