----------------------------------------------------------------------
		omnetpp.default		Simulation Results          
----------------------------------------------------------------------

Memory System:
    Dcache Size = 8192 : ways = 1 : block size = 32
    Icache Size = 8192 : ways = 1 : block size = 32
    L2-cache Size = 32768 : ways = 1 : block size = 64
    Memory ready time = 30 : chunksize = 8 : chunktime = 15

Execute Time = 104543232165; Total References = 10000000076
Flush Time = 660527588
Inst refs = 6748671723; Data refs = 3251328353

Number of references types: [Percentage]
    Reads  =     2011922989    [20.1%]
    Writes =     1239405364    [12.4%]
    Inst.  =     6748671723    [67.5%]
    Total  =     10000000076

Total cycles for activities: [Percentage]
    Reads  =     48347587579    [46.2%]
    Writes =     10805872313    [10.3%]
    Inst.  =     45389772273    [43.4%]
    Total  =     104543232165

Average cycles for activites:
  Read =  24.0; Write =  8.7; Inst. =  15.5
Ideal: Exec. Time = 16748671799; CPI =  2.5
Ideal mis-aligned: Exec. Time = 24145770580; CPI = 3.6

Memory Level: L1i
    Hit Count = 11001025667  Miss Count = 458459406
    Total Requests = 11459485073
    Hit Rate = 96.0%   Miss Rate = 4.0%
    Kickouts = 454141835; Dirty Kickouts = 0; Transfers = 458459406
    Flush Kickouts  =  0

Memory Level: L1d
    Hit Count = 5568475800  Miss Count = 369137984
    Total Requests = 5937613784
    Hit Rate = 93.8%   Miss Rate = 6.2%
    Kickouts = 364591485; Dirty Kickouts = 161396759; Transfers = 371088273
    Flush Kickouts  =  1950289

Memory Level: L2
    Hit Count = 644430394  Miss Count = 346514044
    Total Requests = 990944438
    Hit Rate = 65.0%   Miss Rate = 35.0%
    Kickouts = 337480106; Dirty Kickouts = 81547212; Transfers = 349882607
    Flush Kickouts  =  3368563

L1 cache cost (Icache $200) + (Dcache $200) = $400
L2 cache cost = $50;   Memory Cost = $75   Total Cost = $525
Flushes = 17759 : Invalidates = 17759

