----------------------------------------------------------------------
		sjeng.L1-small		Simulation Results          
----------------------------------------------------------------------

Memory System:
    Dcache Size = 4096 : ways = 1 : block size = 32
    Icache Size = 4096 : ways = 1 : block size = 32
    L2-cache Size = 32768 : ways = 1 : block size = 64
    Memory ready time = 30 : chunksize = 8 : chunktime = 15

Execute Time = 64063737148; Total References = 10000000109
Flush Time = 521638395
Inst refs = 7364538494; Data refs = 2635461615

Number of references types: [Percentage]
    Reads  =     1907768017    [19.1%]
    Writes =     727693598    [7.3%]
    Inst.  =     7364538494    [73.6%]
    Total  =     10000000109

Total cycles for activities: [Percentage]
    Reads  =     20529757060    [32.0%]
    Writes =     8411003730    [13.1%]
    Inst.  =     35122976358    [54.8%]
    Total  =     64063737148

Average cycles for activites:
  Read =  10.8; Write =  11.6; Inst. =  8.7
Ideal: Exec. Time = 17364538603; CPI =  2.4
Ideal mis-aligned: Exec. Time = 23214492795; CPI = 3.2

Memory Level: L1i
    Hit Count = 12184655643  Miss Count = 367720149
    Total Requests = 12552375792
    Hit Rate = 97.1%   Miss Rate = 2.9%
    Kickouts = 365252531; Dirty Kickouts = 0; Transfers = 367720149
    Flush Kickouts  =  0

Memory Level: L1d
    Hit Count = 2973403604  Miss Count = 324174905
    Total Requests = 3297578509
    Hit Rate = 90.2%   Miss Rate = 9.8%
    Kickouts = 321698344; Dirty Kickouts = 121570257; Transfers = 325180672
    Flush Kickouts  =  1005767

Memory Level: L2
    Hit Count = 639175349  Miss Count = 175295729
    Total Requests = 814471078
    Hit Rate = 78.5%   Miss Rate = 21.5%
    Kickouts = 166544911; Dirty Kickouts = 34738816; Transfers = 178247131
    Flush Kickouts  =  2951402

L1 cache cost (Icache $100) + (Dcache $100) = $200
L2 cache cost = $50;   Memory Cost = $75   Total Cost = $325
Flushes = 19380 : Invalidates = 19380

