----------------------------------------------------------------------
		sjeng.All-FA-L2Big		Simulation Results          
----------------------------------------------------------------------

Memory System:
    Dcache Size = 8192 : ways = 256 : block size = 32
    Icache Size = 8192 : ways = 256 : block size = 32
    L2-cache Size = 65536 : ways = 1024 : block size = 64
    Memory ready time = 30 : chunksize = 8 : chunktime = 15

Execute Time = 27997462644; Total References = 10000000109
Flush Time = 1138079660
Inst refs = 7364538494; Data refs = 2635461615

Number of references types: [Percentage]
    Reads  =     1907768017    [19.1%]
    Writes =     727693598    [7.3%]
    Inst.  =     7364538494    [73.6%]
    Total  =     10000000109

Total cycles for activities: [Percentage]
    Reads  =     4596772368    [16.4%]
    Writes =     4473806936    [16.0%]
    Inst.  =     18926883340    [67.6%]
    Total  =     27997462644

Average cycles for activites:
  Read =  2.4; Write =  6.1; Inst. =  3.8
Ideal: Exec. Time = 17364538603; CPI =  2.4
Ideal mis-aligned: Exec. Time = 23214492795; CPI = 3.2

Memory Level: L1i
    Hit Count = 12304531662  Miss Count = 247844130
    Total Requests = 12552375792
    Hit Rate = 98.0%   Miss Rate = 2.0%
    Kickouts = 242908780; Dirty Kickouts = 0; Transfers = 247844130
    Flush Kickouts  =  0

Memory Level: L1d
    Hit Count = 3228649349  Miss Count = 68929160
    Total Requests = 3297578509
    Hit Rate = 97.9%   Miss Rate = 2.1%
    Kickouts = 63967624; Dirty Kickouts = 35733591; Transfers = 71351092
    Flush Kickouts  =  2421932

Memory Level: L2
    Hit Count = 328808359  Miss Count = 26120454
    Total Requests = 354928813
    Hit Rate = 92.6%   Miss Rate = 7.4%
    Kickouts = 7149991; Dirty Kickouts = 6688891; Transfers = 32835857
    Flush Kickouts  =  6715403

L1 cache cost (Icache $1800) + (Dcache $1800) = $3600
L2 cache cost = $1100;   Memory Cost = $75   Total Cost = $4775
Flushes = 19380 : Invalidates = 19380

